::1 - - [30/Jan/2022:04:25:29 +0000] "GET / HTTP/1.1" 304 - "-" "Mozilla/5.0 (Windows NT 10.0; Win64; x64) AppleWebKit/537.36 (KHTML, like Gecko) Chrome/97.0.4692.99 Safari/537.36"
::1 - - [30/Jan/2022:04:25:31 +0000] "GET /finalgif.gif HTTP/1.1" 404 151 "http://localhost:8000/" "Mozilla/5.0 (Windows NT 10.0; Win64; x64) AppleWebKit/537.36 (KHTML, like Gecko) Chrome/97.0.4692.99 Safari/537.36"
::1 - - [30/Jan/2022:04:25:31 +0000] "GET /favicon.ico HTTP/1.1" 404 150 "http://localhost:8000/" "Mozilla/5.0 (Windows NT 10.0; Win64; x64) AppleWebKit/537.36 (KHTML, like Gecko) Chrome/97.0.4692.99 Safari/537.36"
::1 - - [30/Jan/2022:04:25:41 +0000] "GET / HTTP/1.1" 304 - "-" "Mozilla/5.0 (Windows NT 10.0; Win64; x64) AppleWebKit/537.36 (KHTML, like Gecko) Chrome/97.0.4692.99 Safari/537.36"
::1 - - [30/Jan/2022:04:25:41 +0000] "GET /finalgif.gif HTTP/1.1" 404 151 "http://localhost:8000/" "Mozilla/5.0 (Windows NT 10.0; Win64; x64) AppleWebKit/537.36 (KHTML, like Gecko) Chrome/97.0.4692.99 Safari/537.36"
::1 - - [30/Jan/2022:04:25:59 +0000] "POST /posts/create HTTP/1.1" 302 70 "http://localhost:8000/" "Mozilla/5.0 (Windows NT 10.0; Win64; x64) AppleWebKit/537.36 (KHTML, like Gecko) Chrome/97.0.4692.99 Safari/537.36"
::1 - - [30/Jan/2022:04:25:59 +0000] "GET /users/signin HTTP/1.1" 304 - "http://localhost:8000/" "Mozilla/5.0 (Windows NT 10.0; Win64; x64) AppleWebKit/537.36 (KHTML, like Gecko) Chrome/97.0.4692.99 Safari/537.36"
::1 - - [30/Jan/2022:04:25:59 +0000] "GET /users/finalgif.gif HTTP/1.1" 404 157 "http://localhost:8000/users/signin" "Mozilla/5.0 (Windows NT 10.0; Win64; x64) AppleWebKit/537.36 (KHTML, like Gecko) Chrome/97.0.4692.99 Safari/537.36"
::1 - - [30/Jan/2022:04:26:03 +0000] "POST /users/create-session HTTP/1.1" 302 46 "http://localhost:8000/users/signin" "Mozilla/5.0 (Windows NT 10.0; Win64; x64) AppleWebKit/537.36 (KHTML, like Gecko) Chrome/97.0.4692.99 Safari/537.36"
::1 - - [30/Jan/2022:04:26:03 +0000] "GET / HTTP/1.1" 304 - "http://localhost:8000/users/signin" "Mozilla/5.0 (Windows NT 10.0; Win64; x64) AppleWebKit/537.36 (KHTML, like Gecko) Chrome/97.0.4692.99 Safari/537.36"
::1 - - [30/Jan/2022:04:26:03 +0000] "GET /finalgif.gif HTTP/1.1" 404 151 "http://localhost:8000/" "Mozilla/5.0 (Windows NT 10.0; Win64; x64) AppleWebKit/537.36 (KHTML, like Gecko) Chrome/97.0.4692.99 Safari/537.36"
::1 - - [30/Jan/2022:04:26:12 +0000] "POST /posts/create HTTP/1.1" 302 88 "http://localhost:8000/" "Mozilla/5.0 (Windows NT 10.0; Win64; x64) AppleWebKit/537.36 (KHTML, like Gecko) Chrome/97.0.4692.99 Safari/537.36"
::1 - - [30/Jan/2022:04:26:12 +0000] "GET / HTTP/1.1" 304 - "http://localhost:8000/" "Mozilla/5.0 (Windows NT 10.0; Win64; x64) AppleWebKit/537.36 (KHTML, like Gecko) Chrome/97.0.4692.99 Safari/537.36"
::1 - - [30/Jan/2022:04:26:13 +0000] "GET /finalgif.gif HTTP/1.1" 404 151 "http://localhost:8000/" "Mozilla/5.0 (Windows NT 10.0; Win64; x64) AppleWebKit/537.36 (KHTML, like Gecko) Chrome/97.0.4692.99 Safari/537.36"
[0mGET / [32m200[0m 115.584 ms - 18423[0m
[0mGET /finalgif.gif [33m404[0m 9.406 ms - 151[0m
[0mPOST /posts/create [36m302[0m 17.136 ms - 35[0m
[0mGET /users/signin [32m200[0m 16.718 ms - 10767[0m
[0mGET / [36m304[0m 82.706 ms - -[0m
[0mGET /finalgif.gif [33m404[0m 5.647 ms - 151[0m
[0mPOST /posts/create [36m302[0m 15.479 ms - 35[0m
[0mGET /users/signin [36m304[0m 14.197 ms - -[0m
[0mGET /finalgif.gif [33m404[0m 5.545 ms - 151[0m
[0mGET / [36m304[0m 78.913 ms - -[0m
[0mGET /finalgif.gif [33m404[0m 9.381 ms - 151[0m
[0mPOST /posts/create [36m302[0m 14.839 ms - 35[0m
[0mGET /users/signin [36m304[0m 11.189 ms - -[0m
[0mGET / [36m304[0m 81.081 ms - -[0m
[0mGET /finalgif.gif [33m404[0m 7.489 ms - 151[0m
[0mPOST /posts/create [36m302[0m 15.651 ms - 35[0m
[0mGET /users/signin [36m304[0m 11.820 ms - -[0m
[0mGET / [36m304[0m 78.633 ms - -[0m
[0mGET /finalgif.gif [33m404[0m 9.628 ms - 151[0m
[0mPOST /posts/create [36m302[0m 15.435 ms - 35[0m
[0mGET /users/signin [36m304[0m 13.381 ms - -[0m
[0mGET / [36m304[0m 71.135 ms - -[0m
[0mGET /finalgif.gif [33m404[0m 7.122 ms - 151[0m
[0mPOST /posts/create [36m302[0m 14.375 ms - 35[0m
[0mGET /users/signin [36m304[0m 13.215 ms - -[0m
[0mGET / [36m304[0m 79.177 ms - -[0m
[0mGET /finalgif.gif [33m404[0m 9.442 ms - 151[0m
[0mPOST /posts/create [36m302[0m 13.954 ms - 35[0m
[0mGET /users/signin [36m304[0m 14.560 ms - -[0m
[0mGET / [36m304[0m 87.143 ms - -[0m
[0mGET /finalgif.gif [33m404[0m 11.116 ms - 151[0m
[0mPOST /posts/create [36m302[0m 14.929 ms - 35[0m
[0mGET /users/signin [36m304[0m 8.640 ms - -[0m
[0mGET / [36m304[0m 74.407 ms - -[0m
[0mGET /finalgif.gif [33m404[0m 9.612 ms - 151[0m
[0mPOST /posts/create [36m302[0m 14.704 ms - 35[0m
[0mGET /users/signin [36m304[0m 8.617 ms - -[0m
[0mGET / [36m304[0m 94.054 ms - -[0m
[0mGET /finalgif.gif [33m404[0m 10.622 ms - 151[0m
[0mPOST /posts/create [36m302[0m 12.798 ms - 35[0m
[0mGET /users/signin [36m304[0m 12.640 ms - -[0m
[0mPOST /posts/create [36m302[0m 30.471 ms - 35[0m
[0mGET /users/signin [36m304[0m 22.610 ms - -[0m
[0mGET / [36m304[0m 84.559 ms - -[0m
[0mGET /finalgif.gif [33m404[0m 7.070 ms - 151[0m
[0mPOST /posts/create [36m302[0m 16.868 ms - 35[0m
[0mGET /users/signin [36m304[0m 19.783 ms - -[0m
[0mGET / [36m304[0m 84.855 ms - -[0m
[0mGET /finalgif.gif [33m404[0m 9.291 ms - 151[0m
[0mPOST /posts/create [36m302[0m 18.034 ms - 35[0m
[0mGET /users/signin [36m304[0m 12.099 ms - -[0m
[0mPOST /posts/create [36m302[0m 31.840 ms - 35[0m
[0mGET /users/signin [36m304[0m 20.243 ms - -[0m
[0mGET / [36m304[0m 112.053 ms - -[0m
[0mGET /finalgif.gif [33m404[0m 8.215 ms - 151[0m
[0mPOST /posts/create [36m302[0m 16.400 ms - 35[0m
[0mGET /users/signin [36m304[0m 13.833 ms - -[0m
[0mGET / [36m304[0m 93.708 ms - -[0m
[0mGET /finalgif.gif [33m404[0m 9.825 ms - 151[0m
[0mPOST /posts/create [36m302[0m 15.270 ms - 35[0m
[0mGET /users/signin [36m304[0m 19.261 ms - -[0m
[0mGET /finalgif.gif [33m404[0m 19.593 ms - 151[0m
[0mPOST /posts/create [36m302[0m 29.565 ms - 35[0m
[0mGET /users/signin [36m304[0m 35.984 ms - -[0m
[0mPOST /posts/create [36m302[0m 7.914 ms - 35[0m
[0mGET /users/signin [36m304[0m 17.075 ms - -[0m
[0mGET / [36m304[0m 61.937 ms - -[0m
[0mGET /finalgif.gif [33m404[0m 9.463 ms - 151[0m
[0mPOST /posts/create [36m302[0m 3.889 ms - 35[0m
[0mGET /users/signin [36m304[0m 13.006 ms - -[0m
[0mPOST /posts/create [36m302[0m 4.166 ms - 35[0m
[0mGET /users/signin [36m304[0m 7.304 ms - -[0m
[0mGET / [36m304[0m 80.943 ms - -[0m
[0mGET /finalgif.gif [33m404[0m 5.060 ms - 151[0m
[0mPOST /posts/create [36m302[0m 17.069 ms - 35[0m
[0mGET /users/signin [36m304[0m 15.764 ms - -[0m
[0mGET /finalgif.gif [33m404[0m 15.828 ms - 151[0m
[0mGET / [36m304[0m 39.124 ms - -[0m
[0mGET /finalgif.gif [33m404[0m 4.604 ms - 151[0m
[0mPOST /posts/create [36m302[0m 5.945 ms - 35[0m
[0mGET /users/signin [36m304[0m 14.883 ms - -[0m
[0mGET / [36m304[0m 75.347 ms - -[0m
[0mGET /finalgif.gif [33m404[0m 8.163 ms - 151[0m
[0mPOST /posts/create [36m302[0m 15.759 ms - 35[0m
[0mGET /users/signin [36m304[0m 15.325 ms - -[0m
[0mGET / [36m304[0m 98.114 ms - -[0m
[0mGET /finalgif.gif [33m404[0m 15.148 ms - 151[0m
[0mPOST /posts/create [36m302[0m 12.304 ms - 35[0m
[0mGET /users/signin [36m304[0m 12.656 ms - -[0m
[0mGET / [32m200[0m 60.590 ms - 18438[0m
[0mGET /finalgif.gif [33m404[0m 6.019 ms - 151[0m
[0mGET / [36m304[0m 78.015 ms - -[0m
[0mGET /finalgif.gif [33m404[0m 8.500 ms - 151[0m
[0mPOST /posts/create [36m302[0m 24.370 ms - 35[0m
[0mGET /users/signin [36m304[0m 11.431 ms - -[0m
[0mGET / [36m304[0m 71.023 ms - -[0m
[0mGET /finalgif.gif [33m404[0m 9.528 ms - 151[0m
[0mPOST /posts/create [36m302[0m 10.590 ms - 35[0m
[0mGET /users/signin [36m304[0m 9.541 ms - -[0m
[0mGET / [36m304[0m 99.792 ms - -[0m
[0mGET /finalgif.gif [33m404[0m 8.411 ms - 151[0m
[0mPOST /posts/create [36m302[0m 9.415 ms - 35[0m
[0mGET /users/signin [36m304[0m 10.549 ms - -[0m
[0mGET / [36m304[0m 94.195 ms - -[0m
[0mGET /finalgif.gif [33m404[0m 7.836 ms - 151[0m
[0mPOST /posts/create [36m302[0m 9.082 ms - 35[0m
[0mGET /users/signin [36m304[0m 11.911 ms - -[0m
[0mGET / [36m304[0m 83.206 ms - -[0m
[0mGET /finalgif.gif [33m404[0m 7.576 ms - 151[0m
[0mPOST /posts/create [36m302[0m 11.616 ms - 35[0m
[0mGET /users/signin [36m304[0m 10.470 ms - -[0m
[0mGET / [36m304[0m 73.090 ms - -[0m
[0mGET /finalgif.gif [33m404[0m 13.450 ms - 151[0m
[0mPOST /posts/create [36m302[0m 11.895 ms - 35[0m
[0mGET /users/signin [36m304[0m 7.172 ms - -[0m
[0mPOST /posts/create?content=hello&user=ObjectId(%2261ddc4b7997aabaf6d952eb2%22) [36m302[0m 9.502 ms - 35[0m
[0mGET /users/signin [32m200[0m 22.489 ms - 10767[0m
[0mGET / [36m304[0m 79.656 ms - -[0m
[0mGET /finalgif.gif [33m404[0m 13.480 ms - 151[0m
[0mPOST /posts/create [36m302[0m 12.028 ms - 35[0m
[0mGET /users/signin [36m304[0m 11.543 ms - -[0m
[0mGET / [36m304[0m 85.705 ms - -[0m
[0mGET /finalgif.gif [33m404[0m 12.596 ms - 151[0m
[0mPOST /posts/create [36m302[0m 13.486 ms - 70[0m
[0mGET /users/signin [36m304[0m 53.029 ms - -[0m
[0mGET /users/finalgif.gif [33m404[0m 6.239 ms - 157[0m
[0mGET /users/finalgif.gif [33m404[0m 6.705 ms - 157[0m
[0mGET /users/finalgif.gif [33m404[0m 5.982 ms - 157[0m
[0mGET /users/finalgif.gif [33m404[0m 5.868 ms - 157[0m
[0mPOST /users/create-session [36m302[0m 47.031 ms - 46[0m
[0mGET / [36m304[0m 96.708 ms - -[0m
[0mGET /finalgif.gif [33m404[0m 9.880 ms - 151[0m
[0mGET /finalgif.gif [33m404[0m 10.811 ms - 151[0m
[0mGET /finalgif.gif [33m404[0m 12.316 ms - 151[0m
[0mGET /finalgif.gif [33m404[0m 10.171 ms - 151[0m
[0mGET /finalgif.gif [33m404[0m 9.143 ms - 151[0m
[0mGET /finalgif.gif [33m404[0m 9.990 ms - 151[0m
[0mPOST /posts/create [36m302[0m 71.158 ms - 88[0m
[0mGET / [36m304[0m 52.618 ms - -[0m
[0mGET /finalgif.gif [33m404[0m 7.516 ms - 151[0m
[0mGET / [36m304[0m 108.499 ms - -[0m
[0mGET /finalgif.gif [33m404[0m 16.807 ms - 151[0m
[0mPOST /posts/create [36m302[0m 459.941 ms - 88[0m
[0mGET / [36m304[0m 43.573 ms - -[0m
[0mGET /finalgif.gif [33m404[0m 8.775 ms - 151[0m
[0mGET / [32m200[0m 103.680 ms - 18442[0m
[0mGET /finalgif.gif [33m404[0m 32.873 ms - 151[0m
[0mPOST /posts/create [32m200[0m 50.621 ms - 292[0m
[0mGET / [36m304[0m 113.299 ms - -[0m
[0mGET /finalgif.gif [33m404[0m 22.915 ms - 151[0m
[0mPOST /posts/create [32m200[0m 36.254 ms - 300[0m
[0mGET /finalgif.gif [33m404[0m 9.645 ms - 151[0m
[0mGET / [36m304[0m 106.205 ms - -[0m
[0mGET /finalgif.gif [33m404[0m 27.025 ms - 151[0m
[0mPOST /posts/create [32m200[0m 39.090 ms - 294[0m
[0mGET /finalgif.gif [33m404[0m 10.285 ms - 151[0m
[0mGET / [36m304[0m 114.961 ms - -[0m
[0mGET /finalgif.gif [33m404[0m 20.936 ms - 151[0m
[0mPOST /posts/create [32m200[0m 44.831 ms - 300[0m
[0mPOST /comment/create [0m-[0m - ms - -[0m
[0mPOST /comment/create [0m-[0m - ms - -[0m
[0mPOST /comment/create [0m-[0m - ms - -[0m
[0mPOST /comment/create [0m-[0m - ms - -[0m
[0mPOST /comment/create [0m-[0m - ms - -[0m
[0mPOST /comment/create [0m-[0m - ms - -[0m
[0mPOST /comment/create [0m-[0m - ms - -[0m
[0mGET /finalgif.gif [0m-[0m - ms - -[0m
[0mPOST /comment/create [0m-[0m - ms - -[0m
[0mGET / [32m200[0m 76.019 ms - 18442[0m
[0mGET /finalgif.gif [33m404[0m 18.403 ms - 151[0m
[0mPOST /posts/create [32m200[0m 37.799 ms - 292[0m
[0mGET / [36m304[0m 93.299 ms - -[0m
[0mGET /finalgif.gif [33m404[0m 18.153 ms - 151[0m
[0mPOST /posts/create [32m200[0m 38.590 ms - 294[0m
[0mGET / [36m304[0m 98.400 ms - -[0m
[0mGET /finalgif.gif [33m404[0m 18.458 ms - 151[0m
[0mPOST /posts/create [32m200[0m 35.627 ms - 293[0m
[0mGET / [36m304[0m 111.571 ms - -[0m
[0mGET /finalgif.gif [33m404[0m 17.525 ms - 151[0m
[0mPOST /posts/create [32m200[0m 33.717 ms - 292[0m
[0mGET / [36m304[0m 88.746 ms - -[0m
[0mPOST /comment/create [0m-[0m - ms - -[0m
[0mGET /finalgif.gif [33m404[0m 18.028 ms - 151[0m
[0mPOST /posts/create [32m200[0m 32.999 ms - 292[0m
[0mPOST /comment/create [0m-[0m - ms - -[0m
[0mGET / [36m304[0m 71.850 ms - -[0m
[0mGET /finalgif.gif [33m404[0m 7.973 ms - 151[0m
[0mPOST /posts/create [36m302[0m 73.919 ms - 35[0m
[0mGET /users/signin [32m200[0m 11.444 ms - 10771[0m
[0mGET / [36m304[0m 52.439 ms - -[0m
[0mGET /finalgif.gif [33m404[0m 9.784 ms - 151[0m
[0mPOST /posts/create [36m302[0m 7.736 ms - 35[0m
[0mGET /users/signin [36m304[0m 13.320 ms - -[0m
[0mGET / [36m304[0m 62.567 ms - -[0m
[0mGET /finalgif.gif [33m404[0m 11.214 ms - 151[0m
[0mPOST /posts/create [36m302[0m 12.103 ms - 35[0m
[0mGET /users/signin [36m304[0m 15.530 ms - -[0m
[0mGET / [36m304[0m 56.284 ms - -[0m
[0mGET /finalgif.gif [33m404[0m 13.928 ms - 151[0m
[0mPOST /posts/create [36m302[0m 12.697 ms - 35[0m
[0mGET /users/signin [36m304[0m 12.232 ms - -[0m
[0mGET / [36m304[0m 65.552 ms - -[0m
[0mGET /finalgif.gif [33m404[0m 14.474 ms - 151[0m
[0mPOST /posts/create [36m302[0m 12.122 ms - 70[0m
[0mGET /users/signin [36m304[0m 10.280 ms - -[0m
[0mGET /users/finalgif.gif [33m404[0m 8.124 ms - 157[0m
[0mGET /users/finalgif.gif [33m404[0m 9.623 ms - 157[0m
[0mGET /users/finalgif.gif [33m404[0m 4.120 ms - 157[0m
[0mGET /users/finalgif.gif [33m404[0m 6.606 ms - 157[0m
[0mPOST /users/create-session [36m302[0m 23.955 ms - 46[0m
[0mGET / [36m304[0m 63.485 ms - -[0m
[0mGET /finalgif.gif [33m404[0m 8.568 ms - 151[0m
[0mPOST /posts/create [36m302[0m 88.835 ms - 88[0m
[0mGET / [36m304[0m 74.572 ms - -[0m
[0mGET /finalgif.gif [33m404[0m 18.183 ms - 151[0m
[0mGET / [36m304[0m 80.657 ms - -[0m
[0mGET /finalgif.gif [33m404[0m 14.407 ms - 151[0m
[0mPOST /posts/create [32m200[0m 44.003 ms - 291[0m
[0mGET /finalgif.gif [33m404[0m 16.601 ms - 151[0m
[0mGET /finalgif.gif [33m404[0m 12.548 ms - 151[0m
[0mGET /finalgif.gif [33m404[0m 10.503 ms - 151[0m
[0mGET /finalgif.gif [33m404[0m 13.168 ms - 151[0m
[0mGET /finalgif.gif [33m404[0m 10.163 ms - 151[0m
[0mGET /finalgif.gif [33m404[0m 12.859 ms - 151[0m
[0mGET /finalgif.gif [33m404[0m 13.548 ms - 151[0m
[0mGET /finalgif.gif [33m404[0m 13.436 ms - 151[0m
[0mGET /finalgif.gif [33m404[0m 12.869 ms - 151[0m
[0mGET /finalgif.gif [33m404[0m 15.791 ms - 151[0m
[0mGET /finalgif.gif [33m404[0m 11.068 ms - 151[0m
[0mGET /finalgif.gif [33m404[0m 11.833 ms - 151[0m
[0mGET /finalgif.gif [33m404[0m 13.273 ms - 151[0m
[0mGET /finalgif.gif [33m404[0m 12.882 ms - 151[0m
[0mGET /finalgif.gif [33m404[0m 13.509 ms - 151[0m
[0mGET /finalgif.gif [33m404[0m 18.048 ms - 151[0m
[0mGET /finalgif.gif [33m404[0m 9.138 ms - 151[0m
[0mGET /finalgif.gif [33m404[0m 11.350 ms - 151[0m
[0mGET /finalgif.gif [33m404[0m 11.842 ms - 151[0m
[0mGET /finalgif.gif [33m404[0m 14.296 ms - 151[0m
[0mGET /finalgif.gif [33m404[0m 10.826 ms - 151[0m
[0mGET /finalgif.gif [33m404[0m 9.612 ms - 151[0m
[0mGET / [36m304[0m 100.944 ms - -[0m
[0mGET /finalgif.gif [33m404[0m 23.783 ms - 151[0m
[0mPOST /posts/create [32m200[0m 44.740 ms - 294[0m
[0mGET / [36m304[0m 88.409 ms - -[0m
[0mGET /finalgif.gif [33m404[0m 16.742 ms - 151[0m
[0mPOST /posts/create [32m200[0m 42.794 ms - 292[0m
[0mGET /finalgif.gif [33m404[0m 52.073 ms - 151[0m
[0mGET /finalgif.gif [33m404[0m 12.455 ms - 151[0m
[0mGET /finalgif.gif [33m404[0m 14.882 ms - 151[0m
[0mGET /finalgif.gif [33m404[0m 11.436 ms - 151[0m
[0mGET /finalgif.gif [33m404[0m 10.543 ms - 151[0m
[0mGET /finalgif.gif [33m404[0m 14.358 ms - 151[0m
[0mGET /finalgif.gif [33m404[0m 13.691 ms - 151[0m
[0mGET / [36m304[0m 94.079 ms - -[0m
[0mGET /finalgif.gif [33m404[0m 17.843 ms - 151[0m
[0mPOST /posts/create [32m200[0m 40.141 ms - 291[0m
[0mGET /?comment=ddsd [32m200[0m 59.960 ms - 18442[0m
[0mGET /finalgif.gif [33m404[0m 10.560 ms - 151[0m
[0mGET /?comment=ddsd [36m304[0m 96.249 ms - -[0m
[0mGET /finalgif.gif [33m404[0m 17.347 ms - 151[0m
[0mPOST /posts/create [32m200[0m 37.062 ms - 292[0m
[0mGET /?comment=ddsd [36m304[0m 102.337 ms - -[0m
[0mGET /finalgif.gif [33m404[0m 20.855 ms - 151[0m
[0mPOST /posts/create [32m200[0m 41.783 ms - 300[0m
[0mGET /finalgif.gif [33m404[0m 12.345 ms - 151[0m
[0mGET /finalgif.gif [33m404[0m 10.947 ms - 151[0m
[0mGET /finalgif.gif [33m404[0m 9.285 ms - 151[0m
[0mGET /finalgif.gif [33m404[0m 12.310 ms - 151[0m
[0mGET /finalgif.gif [33m404[0m 9.663 ms - 151[0m
[0mGET /finalgif.gif [33m404[0m 12.607 ms - 151[0m
[0mGET /finalgif.gif [33m404[0m 16.226 ms - 151[0m
[0mGET /finalgif.gif [33m404[0m 22.202 ms - 151[0m
[0mGET /finalgif.gif [33m404[0m 15.275 ms - 151[0m
[0mGET /finalgif.gif [33m404[0m 15.569 ms - 151[0m
[0mGET /finalgif.gif [33m404[0m 12.103 ms - 151[0m
[0mGET /finalgif.gif [33m404[0m 16.773 ms - 151[0m
[0mGET /finalgif.gif [33m404[0m 7.162 ms - 151[0m
[0mGET /finalgif.gif [33m404[0m 12.457 ms - 151[0m
[0mGET /?comment=ddsd [36m304[0m 99.292 ms - -[0m
[0mGET /finalgif.gif [33m404[0m 18.675 ms - 151[0m
[0mPOST /posts/create [32m200[0m 39.289 ms - 300[0m
[0mPOST /comment/create [0m-[0m - ms - -[0m
[0mGET /?comment=ddsd [36m304[0m 97.876 ms - -[0m
[0mGET /finalgif.gif [33m404[0m 19.721 ms - 151[0m
[0mPOST /posts/create [32m200[0m 31.405 ms - 291[0m
[0mPOST /comment/create [36m302[0m 59.821 ms - 46[0m
[0mGET / [36m304[0m 48.312 ms - -[0m
[0mGET /finalgif.gif [33m404[0m 8.142 ms - 151[0m
[0mPOST /posts/create [32m200[0m 72.008 ms - 300[0m
[0mPOST /comment/create [36m302[0m 55.767 ms - 46[0m
[0mGET / [36m304[0m 76.055 ms - -[0m
[0mGET /finalgif.gif [33m404[0m 31.728 ms - 151[0m
[0mGET / [36m304[0m 116.036 ms - -[0m
[0mGET /finalgif.gif [33m404[0m 15.423 ms - 151[0m
[0mPOST /posts/create [32m200[0m 29.813 ms - 294[0m
[0mPOST /comment/create [32m200[0m 36.425 ms - 384[0m
[0mGET / [36m304[0m 97.171 ms - -[0m
[0mGET /finalgif.gif [33m404[0m 21.506 ms - 151[0m
[0mPOST /posts/create [32m200[0m 33.014 ms - 300[0m
[0mPOST /comment/create [32m200[0m 31.437 ms - 385[0m
[0mGET / [36m304[0m 100.927 ms - -[0m
[0mGET /finalgif.gif [33m404[0m 27.185 ms - 151[0m
[0mPOST /posts/create [32m200[0m 35.076 ms - 300[0m
[0mPOST /comment/create [32m200[0m 36.739 ms - 390[0m
[0mGET / [36m304[0m 142.051 ms - -[0m
[0mGET /finalgif.gif [33m404[0m 18.255 ms - 151[0m
[0mPOST /posts/create [32m200[0m 31.721 ms - 292[0m
[0mPOST /comment/create [32m200[0m 35.969 ms - 385[0m
[0mGET / [36m304[0m 102.001 ms - -[0m
[0mGET /finalgif.gif [33m404[0m 18.319 ms - 151[0m
[0mPOST /posts/create [32m200[0m 27.984 ms - 291[0m
[0mPOST /comment/create [32m200[0m 38.506 ms - 384[0m
[0mGET / [36m304[0m 102.601 ms - -[0m
[0mGET /finalgif.gif [33m404[0m 16.422 ms - 151[0m
[0mPOST /posts/create [32m200[0m 37.334 ms - 294[0m
[0mPOST /comment/create [32m200[0m 34.188 ms - 385[0m
[0mGET / [36m304[0m 141.358 ms - -[0m
[0mGET /finalgif.gif [33m404[0m 19.379 ms - 151[0m
[0mPOST /posts/create [32m200[0m 32.097 ms - 291[0m
[0mPOST /comment/create [32m200[0m 39.642 ms - 384[0m
[0mGET / [36m304[0m 126.724 ms - -[0m
[0mGET /finalgif.gif [33m404[0m 18.698 ms - 151[0m
[0mPOST /posts/create [32m200[0m 30.510 ms - 291[0m
[0mPOST /comment/create [32m200[0m 33.863 ms - 385[0m
[0mGET / [36m304[0m 114.541 ms - -[0m
[0mGET /finalgif.gif [33m404[0m 17.149 ms - 151[0m
[0mPOST /posts/create [32m200[0m 32.081 ms - 294[0m
[0mPOST /comment/create [32m200[0m 35.398 ms - 384[0m
[0mGET / [36m304[0m 115.318 ms - -[0m
[0mGET /finalgif.gif [33m404[0m 18.311 ms - 151[0m
[0mGET /finalgif.gif [33m404[0m 14.046 ms - 151[0m
[0mGET / [36m304[0m 36.724 ms - -[0m
[0mGET /finalgif.gif [33m404[0m 17.628 ms - 151[0m
[0mGET /finalgif.gif [33m404[0m 12.200 ms - 151[0m
[0mPOST /posts/create [32m200[0m 34.331 ms - 300[0m
[0mPOST /comment/create [32m200[0m 29.452 ms - 390[0m
[0mPOST /comment/create [32m200[0m 73.124 ms - 390[0m
[0mPOST /comment/create [32m200[0m 25.088 ms - 390[0m
[0mPOST /comment/create [32m200[0m 25.021 ms - 390[0m
[0mPOST /comment/create [32m200[0m 27.216 ms - 390[0m
[0mGET /finalgif.gif [33m404[0m 15.352 ms - 151[0m
[0mGET / [32m200[0m 60.770 ms - 18448[0m
[0mGET /finalgif.gif [33m404[0m 15.950 ms - 151[0m
[0mGET / [32m200[0m 44.077 ms - 18442[0m
[0mGET /finalgif.gif [33m404[0m 13.371 ms - 151[0m
[0mGET / [32m200[0m 43.764 ms - 18441[0m
[0mGET /finalgif.gif [33m404[0m 11.183 ms - 151[0m
[0mGET /finalgif.gif [33m404[0m 6.337 ms - 151[0m
[0mGET /finalgif.gif [33m404[0m 11.375 ms - 151[0m
[0mGET /finalgif.gif [33m404[0m 11.178 ms - 151[0m
[0mGET / [31m500[0m 82.447 ms - 2492[0m
[0mGET / [32m200[0m 62.586 ms - 18834[0m
[0mGET /finalgif.gif [33m404[0m 27.243 ms - 151[0m
[0mGET /likes/toggle/?likeableId=xyz&type=Post&reaction=haha [33m404[0m 6.052 ms - 152[0m
[0mGET / [36m304[0m 34.637 ms - -[0m
[0mGET /finalgif.gif [33m404[0m 7.839 ms - 151[0m
[0mGET / [32m200[0m 26.346 ms - 18831[0m
[0mGET /finalgif.gif [33m404[0m 4.826 ms - 151[0m
[0mGET / [32m200[0m 30.106 ms - 18834[0m
[0mGET /finalgif.gif [33m404[0m 4.360 ms - 151[0m
[0mGET /finalgif.gif [33m404[0m 7.708 ms - 151[0m
[0mGET / [36m304[0m 30.662 ms - -[0m
[0mGET /finalgif.gif [33m404[0m 4.680 ms - 151[0m
[0mGET / [32m200[0m 26.384 ms - 18831[0m
[0mGET /finalgif.gif [33m404[0m 4.720 ms - 151[0m
[0mGET /finalgif.gif [33m404[0m 3.203 ms - 151[0m
[0mGET / [36m304[0m 31.883 ms - -[0m
[0mGET /finalgif.gif [33m404[0m 11.490 ms - 151[0m
[0mGET / [36m304[0m 82.744 ms - -[0m
[0mGET /finalgif.gif [33m404[0m 8.051 ms - 151[0m
[0mGET /likes/toggle/?likeableId=xyz&type=Post&reaction=namaste [33m404[0m 6.680 ms - 152[0m
[0mGET / [36m304[0m 40.844 ms - -[0m
[0mGET /finalgif.gif [33m404[0m 4.835 ms - 151[0m
[0mGET / [36m304[0m 79.634 ms - -[0m
[0mGET /finalgif.gif [33m404[0m 10.067 ms - 151[0m
[0mGET /likes/toggle/?likeableId=xyz&type=Post&reaction=sad [33m404[0m 6.896 ms - 152[0m
[0mGET / [36m304[0m 39.398 ms - -[0m
[0mGET /finalgif.gif [33m404[0m 7.395 ms - 151[0m
[0mGET / [36m304[0m 82.294 ms - -[0m
[0mGET /finalgif.gif [33m404[0m 12.359 ms - 151[0m
[0mGET / [36m304[0m 46.207 ms - -[0m
[0mGET /finalgif.gif [33m404[0m 7.462 ms - 151[0m
[0mGET / [36m304[0m 58.664 ms - -[0m
[0mGET /finalgif.gif [33m404[0m 8.225 ms - 151[0m
[0mGET / [36m304[0m 31.975 ms - -[0m
[0mGET /finalgif.gif [33m404[0m 4.419 ms - 151[0m
[0mGET / [36m304[0m 47.874 ms - -[0m
[0mGET /finalgif.gif [33m404[0m 4.650 ms - 151[0m
[0mGET /likes/toggle/?likeableId=xyz&type=Post&reaction=angry [33m404[0m 6.866 ms - 152[0m
[0mGET / [36m304[0m 76.600 ms - -[0m
[0mGET /finalgif.gif [33m404[0m 10.140 ms - 151[0m
[0mGET / [36m304[0m 86.232 ms - -[0m
[0mGET /finalgif.gif [33m404[0m 9.090 ms - 151[0m
[0mGET / [36m304[0m 78.595 ms - -[0m
[0mGET /finalgif.gif [33m404[0m 12.910 ms - 151[0m
[0mGET / [36m304[0m 77.943 ms - -[0m
[0mGET /finalgif.gif [33m404[0m 8.689 ms - 151[0m
[0mGET / [36m304[0m 74.599 ms - -[0m
[0mGET /finalgif.gif [33m404[0m 17.663 ms - 151[0m
[0mGET / [36m304[0m 81.079 ms - -[0m
[0mGET /finalgif.gif [33m404[0m 11.820 ms - 151[0m
[0mGET / [36m304[0m 75.023 ms - -[0m
[0mGET /finalgif.gif [33m404[0m 5.084 ms - 151[0m
[0mGET / [36m304[0m 81.761 ms - -[0m
[0mGET /finalgif.gif [33m404[0m 14.461 ms - 151[0m
[0mGET / [36m304[0m 81.071 ms - -[0m
[0mGET /finalgif.gif [33m404[0m 13.695 ms - 151[0m
[0mGET / [36m304[0m 79.036 ms - -[0m
[0mGET /finalgif.gif [33m404[0m 11.133 ms - 151[0m
[0mGET /likes/toggle/?likeableId=xyz&type=Post&reaction=namaste [33m404[0m 6.940 ms - 152[0m
[0mGET / [36m304[0m 40.912 ms - -[0m
[0mGET /finalgif.gif [33m404[0m 5.355 ms - 151[0m
[0mGET / [36m304[0m 80.335 ms - -[0m
[0mGET /finalgif.gif [33m404[0m 7.025 ms - 151[0m
[0mGET / [36m304[0m 91.317 ms - -[0m
[0mGET /finalgif.gif [33m404[0m 14.823 ms - 151[0m
[0mGET /favicon.ico [33m404[0m 4.706 ms - 150[0m
[0mGET /finalgif.gif [33m404[0m 7.311 ms - 151[0m
[0mGET / [36m304[0m 142.914 ms - -[0m
[0mGET /finalgif.gif [33m404[0m 14.711 ms - 151[0m
[0mGET / [32m200[0m 57.884 ms - 18831[0m
[0mGET /finalgif.gif [33m404[0m 7.917 ms - 151[0m
[0mGET /signin [33m404[0m 5.902 ms - 145[0m
[0mGET /users/signin [32m200[0m 15.072 ms - 10773[0m
[0mGET /users/finalgif.gif [33m404[0m 8.518 ms - 157[0m
[0mPOST /users/create-session [36m302[0m 20.780 ms - 46[0m
[0mGET / [36m304[0m 47.564 ms - -[0m
[0mGET /finalgif.gif [33m404[0m 12.752 ms - 151[0m
[0mGET / [36m304[0m 79.087 ms - -[0m
[0mGET /finalgif.gif [33m404[0m 17.888 ms - 151[0m
[0mPOST /posts/create [32m200[0m 35.250 ms - 296[0m
[0mGET / [36m304[0m 93.203 ms - -[0m
[0mGET /finalgif.gif [33m404[0m 12.554 ms - 151[0m
[0mPOST /posts/create [32m200[0m 48.542 ms - 292[0m
[0mGET / [36m304[0m 101.068 ms - -[0m
[0mGET /finalgif.gif [33m404[0m 22.433 ms - 151[0m
[0mPOST /posts/create [32m200[0m 42.744 ms - 300[0m
[0mGET / [36m304[0m 86.697 ms - -[0m
[0mGET /finalgif.gif [33m404[0m 19.964 ms - 151[0m
[0mPOST /posts/create [32m200[0m 43.615 ms - 294[0m
[0mGET / [36m304[0m 102.564 ms - -[0m
[0mGET /finalgif.gif [33m404[0m 19.023 ms - 151[0m
[0mPOST /posts/create [32m200[0m 42.640 ms - 300[0m
[0mGET / [36m304[0m 88.447 ms - -[0m
[0mGET /finalgif.gif [33m404[0m 15.971 ms - 151[0m
[0mPOST /posts/create [32m200[0m 38.250 ms - 300[0m
[0mGET / [36m304[0m 43.896 ms - -[0m
[0mGET /finalgif.gif [33m404[0m 11.234 ms - 151[0m
[0mPOST /posts/create [32m200[0m 16.115 ms - 300[0m
[0mGET / [36m304[0m 37.391 ms - -[0m
[0mGET /finalgif.gif [33m404[0m 12.553 ms - 151[0m
[0mPOST /posts/create [32m200[0m 18.855 ms - 300[0m
[0mPOST / [33m404[0m 24.156 ms - 140[0m
[0mPOST / [33m404[0m 10.496 ms - 140[0m
[0mGET / [36m304[0m 89.814 ms - -[0m
[0mGET /finalgif.gif [33m404[0m 17.591 ms - 151[0m
[0mPOST /posts/create [32m200[0m 52.794 ms - 292[0m
[0mGET / [36m304[0m 89.108 ms - -[0m
[0mGET /finalgif.gif [33m404[0m 16.662 ms - 151[0m
[0mPOST /posts/create [32m200[0m 40.237 ms - 292[0m
[0mGET / [36m304[0m 102.711 ms - -[0m
[0mGET /finalgif.gif [33m404[0m 21.955 ms - 151[0m
[0mGET / [36m304[0m 56.958 ms - -[0m
[0mGET /finalgif.gif [33m404[0m 12.809 ms - 151[0m
[0mPOST /posts/create [32m200[0m 45.181 ms - 292[0m
[0mGET / [36m304[0m 96.098 ms - -[0m
[0mGET /finalgif.gif [33m404[0m 29.474 ms - 151[0m
[0mPOST /posts/create [32m200[0m 38.557 ms - 292[0m
[0mGET / [36m304[0m 91.500 ms - -[0m
[0mGET /finalgif.gif [33m404[0m 17.304 ms - 151[0m
[0mPOST /posts/create [32m200[0m 41.464 ms - 300[0m
[0mGET / [36m304[0m 89.190 ms - -[0m
[0mGET /finalgif.gif [33m404[0m 16.764 ms - 151[0m
[0mPOST /posts/create [32m200[0m 64.286 ms - 300[0m
[0mGET / [36m304[0m 52.316 ms - -[0m
[0mGET /finalgif.gif [33m404[0m 13.658 ms - 151[0m
[0mPOST /posts/create [32m200[0m 22.673 ms - 294[0m
[0mPOST / [33m404[0m 6.509 ms - 140[0m
[0mGET / [36m304[0m 165.637 ms - -[0m
[0mGET /finalgif.gif [33m404[0m 13.956 ms - 151[0m
[0mPOST /posts/create [32m200[0m 42.476 ms - 300[0m
[0mPOST /likes/toggle/?likeableId=xyz&type=Post&reaction=namaste [31m500[0m 21.311 ms - 35[0m
[0mGET / [36m304[0m 101.619 ms - -[0m
[0mGET /finalgif.gif [33m404[0m 16.261 ms - 151[0m
[0mPOST /posts/create [32m200[0m 38.675 ms - 300[0m
[0mGET /likes/toggle/?likeableId=xyz&type=Post&reaction=namaste [31m500[0m 13.486 ms - 35[0m
[0mGET / [36m304[0m 96.831 ms - -[0m
[0mGET /finalgif.gif [33m404[0m 32.801 ms - 151[0m
[0mPOST /posts/create [32m200[0m 39.183 ms - 300[0m
[0mGET /likes/toggle/?likeableId=61f7b869aaa14727c97294ca&type=Post&reaction=namaste [31m500[0m 19.717 ms - 35[0m
[0mGET / [36m304[0m 95.552 ms - -[0m
[0mGET /finalgif.gif [33m404[0m 15.169 ms - 151[0m
[0mPOST /posts/create [32m200[0m 37.445 ms - 300[0m
[0mGET /likes/toggle/?likeableId=61f7b9950fccc52160eb538d&type=Post&reaction=namaste [31m500[0m 17.852 ms - 35[0m
[0mGET / [36m304[0m 100.072 ms - -[0m
[0mGET /finalgif.gif [33m404[0m 28.054 ms - 151[0m
[0mPOST /posts/create [32m200[0m 37.801 ms - 300[0m
[0mGET /likes/toggle/?likeableId=61f7b9b934a3499ea49afcf8&type=Post&reaction=namaste [32m200[0m 14.004 ms - 96[0m
[0mGET /likes/toggle/?likeableId=61f7b9b934a3499ea49afcf8&type=Post&reaction=namaste [36m304[0m 58.670 ms - -[0m
[0mGET /likes/toggle/?likeableId=61f7b9b934a3499ea49afcf8&type=Post&reaction=namaste [36m304[0m 16.504 ms - -[0m
[0mGET /likes/toggle/?likeableId=61f7b9b934a3499ea49afcf8&type=Post&reaction=namaste [36m304[0m 12.539 ms - -[0m
[0mGET /likes/toggle/?likeableId=61f7b9b934a3499ea49afcf8&type=Post&reaction=sad [32m200[0m 14.658 ms - 96[0m
[0mGET /likes/toggle/?likeableId=61f7b9b934a3499ea49afcf8&type=Post&reaction=sad [36m304[0m 15.157 ms - -[0m
[0mGET /likes/toggle/?likeableId=61f7b9b934a3499ea49afcf8&type=Post&reaction=sad [36m304[0m 16.994 ms - -[0m
[0mGET /likes/toggle/?likeableId=61f7b9b934a3499ea49afcf8&type=Post&reaction=sad [36m304[0m 17.973 ms - -[0m
[0mGET / [36m304[0m 112.149 ms - -[0m
[0mGET /finalgif.gif [33m404[0m 37.508 ms - 151[0m
[0mPOST /posts/create [36m302[0m 60.174 ms - 88[0m
[0mGET / [36m304[0m 70.619 ms - -[0m
[0mGET /finalgif.gif [33m404[0m 15.993 ms - 151[0m
[0mPOST /posts/create [36m302[0m 19.056 ms - 88[0m
[0mGET / [36m304[0m 71.688 ms - -[0m
[0mGET /finalgif.gif [33m404[0m 11.996 ms - 151[0m
[0mGET / [36m304[0m 100.775 ms - -[0m
[0mGET /finalgif.gif [33m404[0m 17.343 ms - 151[0m
[0mPOST /posts/create [32m200[0m 39.855 ms - 300[0m
[0mGET /likes/toggle/?likeableId=61f7bab3fdcac193026adf27&type=Post&reaction=namaste [32m200[0m 15.249 ms - 96[0m
[0mGET / [36m304[0m 102.015 ms - -[0m
[0mGET /finalgif.gif [33m404[0m 16.956 ms - 151[0m
[0mPOST /posts/create [36m302[0m 52.722 ms - 88[0m
[0mGET / [36m304[0m 59.636 ms - -[0m
[0mGET /finalgif.gif [33m404[0m 13.791 ms - 151[0m
[0mGET / [36m304[0m 122.324 ms - -[0m
[0mGET /finalgif.gif [33m404[0m 18.196 ms - 151[0m
[0mPOST /posts/create [32m200[0m 31.093 ms - 300[0m
[0mGET /likes/toggle/?likeableId=61f7bb62feca20d45d12fc9b&type=Post&reaction=namaste [32m200[0m 14.859 ms - 96[0m
[0mGET / [36m304[0m 109.331 ms - -[0m
[0mGET /finalgif.gif [33m404[0m 19.835 ms - 151[0m
[0mPOST /posts/create [32m200[0m 36.143 ms - 300[0m
[0mGET /likes/toggle/?likeableId=61f7bfe6e2348c5c77c1d493&type=Post&reaction=namaste [32m200[0m 32.819 ms - 96[0m
[0mGET / [36m304[0m 116.478 ms - -[0m
[0mGET /finalgif.gif [33m404[0m 18.240 ms - 151[0m
[0mPOST /posts/create [32m200[0m 36.018 ms - 300[0m
[0mGET /likes/toggle/?likeableId=61f7c11d3135508ed9a2156b&type=Post&reaction=namaste [32m200[0m 12.708 ms - 96[0m
[0mGET / [36m304[0m 62.198 ms - -[0m
[0mGET /finalgif.gif [33m404[0m 8.743 ms - 151[0m
[0mPOST /posts/create [32m200[0m 19.526 ms - 300[0m
[0mGET / [36m304[0m 108.861 ms - -[0m
[0mGET /finalgif.gif [33m404[0m 17.082 ms - 151[0m
[0mPOST /posts/create [32m200[0m 45.834 ms - 292[0m
[0mGET /likes/toggle/?likeableId=61f7c1441d0876316afc80db&type=Post&reaction=namaste [32m200[0m 13.709 ms - 96[0m
[0mGET / [36m304[0m 108.218 ms - -[0m
[0mGET /finalgif.gif [33m404[0m 21.510 ms - 151[0m
[0mPOST /posts/create [36m302[0m 14.766 ms - 35[0m
[0mGET /users/signin [36m304[0m 15.756 ms - -[0m
[0mGET /users/signin [36m304[0m 14.731 ms - -[0m
[0mGET /users/finalgif.gif [33m404[0m 8.174 ms - 157[0m
[0mPOST /users/create-session [36m302[0m 20.205 ms - 46[0m
[0mGET / [36m304[0m 70.276 ms - -[0m
[0mGET /finalgif.gif [33m404[0m 12.166 ms - 151[0m
[0mPOST /posts/create [32m200[0m 38.238 ms - 300[0m
[0mGET /likes/toggle/?likeableId=61f7c6322935f24963b606d9&type=Post&reaction=namaste [32m200[0m 15.563 ms - 96[0m
[0mGET / [36m304[0m 138.641 ms - -[0m
[0mGET /finalgif.gif [33m404[0m 19.335 ms - 151[0m
[0mPOST /posts/create [36m302[0m 42.312 ms - 88[0m
[0mGET / [36m304[0m 100.619 ms - -[0m
[0mGET /finalgif.gif [33m404[0m 10.065 ms - 151[0m
[0mGET / [36m304[0m 109.732 ms - -[0m
[0mGET /finalgif.gif [33m404[0m 17.925 ms - 151[0m
[0mGET / [36m304[0m 39.396 ms - -[0m
[0mGET /finalgif.gif [33m404[0m 10.537 ms - 151[0m
[0mPOST /posts/create [32m200[0m 37.070 ms - 300[0m
[0mGET /likes/toggle/?likeableId=61f7c6a8cd0de0358dee5ea6&type=Post&reaction=namaste [0m-[0m - ms - -[0m
[0mGET /likes/toggle/?likeableId=61f7c6a8cd0de0358dee5ea6&type=Post&reaction=namaste [0m-[0m - ms - -[0m
[0mGET / [36m304[0m 63.659 ms - -[0m
[0mGET /finalgif.gif [33m404[0m 17.148 ms - 151[0m
[0mPOST /posts/create [32m200[0m 35.002 ms - 300[0m
[0mGET /likes/toggle/?likeableId=61f7c6d627e9b8eecc08ed32&type=Post&reaction=namaste [32m200[0m 18.126 ms - 96[0m
[0mGET / [36m304[0m 96.365 ms - -[0m
[0mGET /finalgif.gif [33m404[0m 15.220 ms - 151[0m
[0mPOST /posts/create [32m200[0m 40.617 ms - 292[0m
[0mGET /likes/toggle/?likeableId=61f7c810e0868096f06be5ee&type=Post&reaction=namaste [32m200[0m 19.164 ms - 96[0m
[0mGET / [36m304[0m 98.129 ms - -[0m
[0mGET /finalgif.gif [33m404[0m 18.185 ms - 151[0m
[0mPOST /posts/create [32m200[0m 41.863 ms - 291[0m
[0mGET /likes/toggle/?likeableId=61f7c9074ffc15c9c26eb3e1&type=Post&reaction=haha [32m200[0m 20.399 ms - 110[0m
[0mGET / [36m304[0m 92.631 ms - -[0m
[0mGET /finalgif.gif [33m404[0m 9.893 ms - 151[0m
[0mPOST /posts/create [32m200[0m 45.065 ms - 292[0m
[0mGET /likes/toggle/?likeableId=61f7cd19a73a5249f9b19d35&type=Post&reaction=namaste [32m200[0m 19.749 ms - 110[0m
[0mGET / [36m304[0m 87.587 ms - -[0m
[0mGET /finalgif.gif [33m404[0m 16.577 ms - 151[0m
[0mPOST /posts/create [32m200[0m 53.024 ms - 300[0m
[0mGET /likes/toggle/?likeableId=61f7ce8a381d2fd3139f1f2d&type=Post&reaction=haha [32m200[0m 19.397 ms - 110[0m
[0mGET / [36m304[0m 92.220 ms - -[0m
[0mGET /finalgif.gif [33m404[0m 15.656 ms - 151[0m
[0mPOST /posts/create [32m200[0m 46.594 ms - 300[0m
[0mGET /likes/toggle/?likeableId=61f7cf9621466c63142fef44&type=Post&reaction=namaste [32m200[0m 23.029 ms - 110[0m
[0mGET / [36m304[0m 93.507 ms - -[0m
[0mGET /finalgif.gif [33m404[0m 15.972 ms - 151[0m
[0mGET / [36m304[0m 39.204 ms - -[0m
[0mGET /finalgif.gif [33m404[0m 13.103 ms - 151[0m
[0mPOST /posts/create [32m200[0m 35.013 ms - 300[0m
[0mGET /likes/toggle/?likeableId=61f7cfcac147a1ea4093e336&type=Post&reaction=namaste [32m200[0m 39.989 ms - 110[0m
[0mGET / [36m304[0m 89.342 ms - -[0m
[0mGET /finalgif.gif [33m404[0m 12.714 ms - 151[0m
[0mPOST /posts/create [32m200[0m 74.529 ms - 300[0m
[0mPOST /comment/create [32m200[0m 42.097 ms - 385[0m
[0mGET / [36m304[0m 101.287 ms - -[0m
[0mGET /finalgif.gif [33m404[0m 33.656 ms - 151[0m
[0mPOST /posts/create [32m200[0m 45.772 ms - 300[0m
[0mPOST /comment/create [32m200[0m 25.459 ms - 384[0m
[0mGET / [36m304[0m 59.520 ms - -[0m
[0mGET /finalgif.gif [33m404[0m 13.961 ms - 151[0m
[0mGET / [36m304[0m 96.706 ms - -[0m
[0mGET /finalgif.gif [33m404[0m 18.488 ms - 151[0m
[0mPOST /posts/create [32m200[0m 42.837 ms - 300[0m
[0mPOST /comment/create [32m200[0m 29.221 ms - 390[0m
[0mGET / [36m304[0m 192.377 ms - -[0m
[0mGET /finalgif.gif [33m404[0m 17.731 ms - 151[0m
[0mPOST /posts/create [32m200[0m 41.734 ms - 291[0m
[0mPOST /comment/create [32m200[0m 31.533 ms - 390[0m
[0mGET /finalgif.gif [33m404[0m 12.531 ms - 151[0m
[0mGET /finalgif.gif [33m404[0m 9.178 ms - 151[0m
[0mGET /finalgif.gif [33m404[0m 11.932 ms - 151[0m
[0mGET /finalgif.gif [33m404[0m 9.193 ms - 151[0m
[0mGET /finalgif.gif [33m404[0m 12.717 ms - 151[0m
[0mGET /finalgif.gif [33m404[0m 12.425 ms - 151[0m
[0mGET /finalgif.gif [33m404[0m 8.421 ms - 151[0m
[0mGET /finalgif.gif [33m404[0m 13.875 ms - 151[0m
[0mGET /finalgif.gif [33m404[0m 9.772 ms - 151[0m
[0mGET /finalgif.gif [33m404[0m 13.360 ms - 151[0m
[0mGET /finalgif.gif [33m404[0m 9.552 ms - 151[0m
[0mGET /finalgif.gif [33m404[0m 13.801 ms - 151[0m
[0mGET /finalgif.gif [33m404[0m 7.090 ms - 151[0m
[0mGET /finalgif.gif [33m404[0m 12.442 ms - 151[0m
[0mGET /finalgif.gif [33m404[0m 12.877 ms - 151[0m
[0mGET /finalgif.gif [33m404[0m 14.657 ms - 151[0m
[0mGET /finalgif.gif [33m404[0m 14.495 ms - 151[0m
[0mGET /finalgif.gif [33m404[0m 13.120 ms - 151[0m
[0mGET /finalgif.gif [33m404[0m 9.411 ms - 151[0m
[0mGET /finalgif.gif [33m404[0m 12.394 ms - 151[0m
[0mGET /finalgif.gif [33m404[0m 10.934 ms - 151[0m
[0mGET /finalgif.gif [33m404[0m 14.906 ms - 151[0m
[0mGET /finalgif.gif [33m404[0m 8.848 ms - 151[0m
[0mGET / [32m200[0m 55.526 ms - 18837[0m
[0mGET /finalgif.gif [33m404[0m 11.714 ms - 151[0m
[0mPOST /posts/create [32m200[0m 12.748 ms - 294[0m
[0mPOST /comment/create [32m200[0m 21.028 ms - 384[0m
[0mGET /likes/toggle/?likeableId=61f7d970c208f96fe0c21893&type=Post&reaction=namaste [32m200[0m 22.981 ms - 110[0m
[0mGET / [32m200[0m 50.768 ms - 18831[0m
[0mGET /finalgif.gif [33m404[0m 13.097 ms - 151[0m
[0mGET / [36m304[0m 85.621 ms - -[0m
[0mGET /finalgif.gif [33m404[0m 15.519 ms - 151[0m
[0mPOST /posts/create [36m302[0m 20.839 ms - 35[0m
[0mGET /users/signin [36m304[0m 17.493 ms - -[0m
[0mPOST /posts/create [36m302[0m 5.252 ms - 35[0m
[0mGET /users/signin [36m304[0m 13.079 ms - -[0m
[0mGET / [36m304[0m 34.666 ms - -[0m
[0mGET /finalgif.gif [33m404[0m 4.396 ms - 151[0m
[0mGET /users/signin [36m304[0m 11.779 ms - -[0m
[0mGET /users/finalgif.gif [33m404[0m 8.778 ms - 157[0m
[0mPOST /users/create-session [36m302[0m 14.556 ms - 46[0m
[0mGET / [36m304[0m 44.466 ms - -[0m
[0mGET /finalgif.gif [33m404[0m 8.075 ms - 151[0m
[0mPOST /posts/create [32m200[0m 53.840 ms - 300[0m
[0mPOST /comment/create [32m200[0m 25.372 ms - 385[0m
[0mGET /likes/toggle/?likeableId=61f7e1767f4ba8df2e3422c6&type=Post&reaction=haha [32m200[0m 17.050 ms - 110[0m
[0mGET /finalgif.gif [33m404[0m 7.422 ms - 151[0m
[0mGET /finalgif.gif [33m404[0m 9.532 ms - 151[0m
[0mGET /finalgif.gif [33m404[0m 12.929 ms - 151[0m
[0mGET /finalgif.gif [33m404[0m 8.600 ms - 151[0m
[0mGET /finalgif.gif [33m404[0m 11.529 ms - 151[0m
[0mGET /finalgif.gif [33m404[0m 8.419 ms - 151[0m
[0mGET /finalgif.gif [33m404[0m 10.058 ms - 151[0m
[0mGET /finalgif.gif [33m404[0m 13.602 ms - 151[0m
[0mGET /finalgif.gif [33m404[0m 13.375 ms - 151[0m
[0mGET / [36m304[0m 99.911 ms - -[0m
[0mGET /finalgif.gif [33m404[0m 47.326 ms - 151[0m
[0mPOST /posts/create [32m200[0m 36.742 ms - 300[0m
[0mPOST /comment/create [32m200[0m 27.002 ms - 390[0m
[0mGET /likes/toggle/?likeableId=61f7e1ec6030bce3419097ce&type=Post&reaction=namaste [32m200[0m 18.127 ms - 110[0m
[0mGET /likes/toggle/?likeableId=61f7e1ec6030bce3419097ce&type=Post&reaction=angry [32m200[0m 14.442 ms - 110[0m
[0mGET / [36m304[0m 105.862 ms - -[0m
[0mGET /finalgif.gif [33m404[0m 48.967 ms - 151[0m
[0mPOST /posts/create [32m200[0m 36.174 ms - 300[0m
[0mGET /likes/toggle/?likeableId=61f7e716175e9e894e0d0251&type=Post&reaction=namaste [32m200[0m 19.836 ms - 110[0m
[0mPOST /comment/create [32m200[0m 21.790 ms - 383[0m
[0mGET /likes/toggle/?likeableId=61f7e739175e9e894e0d025b&type=Comment&reaction=haha [32m200[0m 16.200 ms - 113[0m
[0mGET /likes/toggle/?likeableId=61f7e739175e9e894e0d025b&type=Comment&reaction=haha [36m304[0m 13.989 ms - -[0m
[0mGET /likes/toggle/?likeableId=61f7e716175e9e894e0d0251&type=Post&reaction=namaste [36m304[0m 12.602 ms - -[0m
[0mGET /likes/toggle/?likeableId=61f7e716175e9e894e0d0251&type=Post&reaction=namaste [36m304[0m 14.190 ms - -[0m
[0mGET /likes/toggle/?likeableId=61f7e716175e9e894e0d0251&type=Post&reaction=namaste [36m304[0m 16.871 ms - -[0m
[0mGET /likes/toggle/?likeableId=61f7e716175e9e894e0d0251&type=Post&reaction=namaste [36m304[0m 15.445 ms - -[0m
[0mGET / [36m304[0m 106.034 ms - -[0m
[0mGET /finalgif.gif [33m404[0m 15.413 ms - 151[0m
[0mPOST /posts/create [32m200[0m 35.088 ms - 300[0m
[0mGET /likes/toggle/?likeableId=61f7e82d14f61d2e3f932726&type=Post&reaction=namaste [32m200[0m 21.149 ms - 110[0m
[0mPOST /comment/create [32m200[0m 26.000 ms - 384[0m
[0mGET /likes/toggle/?likeableId=61f7e83814f61d2e3f932730&type=Comment&reaction=haha [32m200[0m 18.275 ms - 113[0m
[0mGET /likes/toggle/?likeableId=61f7e83814f61d2e3f932730&type=Comment&reaction=haha [36m304[0m 16.369 ms - -[0m
[0mGET / [36m304[0m 116.492 ms - -[0m
[0mGET /finalgif.gif [33m404[0m 17.770 ms - 151[0m
[0mPOST /posts/create [32m200[0m 35.844 ms - 300[0m
[0mPOST /comment/create [32m200[0m 30.880 ms - 383[0m
[0mGET /likes/toggle/?likeableId=61f7e8a0be92beaa1febd9dc&type=Comment&reaction=namaste [32m200[0m 26.320 ms - 113[0m
[0mGET /finalgif.gif [33m404[0m 12.916 ms - 151[0m
[0mGET /finalgif.gif [33m404[0m 11.566 ms - 151[0m
[0mGET /finalgif.gif [33m404[0m 14.276 ms - 151[0m
[0mGET /finalgif.gif [33m404[0m 11.841 ms - 151[0m
[0mGET /finalgif.gif [33m404[0m 9.414 ms - 151[0m
[0mGET /finalgif.gif [33m404[0m 11.210 ms - 151[0m
[0mGET /finalgif.gif [33m404[0m 9.849 ms - 151[0m
[0mGET /finalgif.gif [33m404[0m 12.033 ms - 151[0m
[0mGET /finalgif.gif [33m404[0m 10.128 ms - 151[0m
[0mGET /finalgif.gif [33m404[0m 14.613 ms - 151[0m
[0mGET /finalgif.gif [33m404[0m 9.716 ms - 151[0m
[0mGET /finalgif.gif [33m404[0m 14.333 ms - 151[0m
[0mGET / [36m304[0m 105.882 ms - -[0m
[0mGET /finalgif.gif [33m404[0m 20.317 ms - 151[0m
[0mPOST /posts/create [32m200[0m 48.623 ms - 300[0m
[0mPOST /comment/create [32m200[0m 29.657 ms - 385[0m
[0mGET /likes/toggle/?likeableId=61f7e96548b6a6d8dcca3807&type=Comment&reaction=namaste [32m200[0m 27.662 ms - 113[0m
[0mGET / [36m304[0m 183.645 ms - -[0m
[0mGET /finalgif.gif [33m404[0m 18.392 ms - 151[0m
[0mPOST /posts/create [32m200[0m 36.387 ms - 300[0m
[0mPOST /comment/create [32m200[0m 22.581 ms - 385[0m
[0mGET / [32m200[0m 70.846 ms - 18834[0m
[0mGET /finalgif.gif [33m404[0m 13.445 ms - 151[0m
[0mGET / [36m304[0m 31.905 ms - -[0m
[0mGET /finalgif.gif [33m404[0m 11.377 ms - 151[0m
[0mPOST /posts/create [32m200[0m 20.027 ms - 300[0m
[0mPOST /comment/create [32m200[0m 21.934 ms - 384[0m
[0mGET / [36m304[0m 93.067 ms - -[0m
[0mGET /finalgif.gif [33m404[0m 24.464 ms - 151[0m
[0mPOST /posts/create [32m200[0m 74.875 ms - 300[0m
[0mPOST /comment/create [32m200[0m 32.270 ms - 390[0m
[0mGET /likes/toggle/?likeableId=61f7ec12c913a5460b0ae1db&type=Comment&reaction=namaste [32m200[0m 29.847 ms - 113[0m
[0mGET /likes/toggle/?likeableId=61f7ec0dc913a5460b0ae1d7&type=Post&reaction=namaste [32m200[0m 23.554 ms - 110[0m
[0mGET /likes/toggle/?likeableId=61f7ec0dc913a5460b0ae1d7&type=Post&reaction=namaste [36m304[0m 14.602 ms - -[0m
[0mGET /likes/toggle/?likeableId=61f7ec0dc913a5460b0ae1d7&type=Post&reaction=unlike [32m200[0m 13.521 ms - 110[0m
[0mGET /likes/toggle/?likeableId=61f7ec0dc913a5460b0ae1d7&type=Post&reaction=unlike [36m304[0m 14.385 ms - -[0m
[0mGET /likes/toggle/?likeableId=61f7ec0dc913a5460b0ae1d7&type=Post&reaction=unlike [36m304[0m 15.573 ms - -[0m
[0mGET /likes/toggle/?likeableId=61f7ec12c913a5460b0ae1db&type=Comment&reaction=unlike [32m200[0m 14.429 ms - 113[0m
[0mGET /likes/toggle/?likeableId=61f7ec12c913a5460b0ae1db&type=Comment&reaction=unlike [36m304[0m 14.111 ms - -[0m
[0mGET /likes/toggle/?likeableId=61f7ec12c913a5460b0ae1db&type=Comment&reaction=unlike [36m304[0m 16.139 ms - -[0m
[0mGET /likes/toggle/?likeableId=61f7ec12c913a5460b0ae1db&type=Comment&reaction=unlike [36m304[0m 12.153 ms - -[0m
[0mGET /finalgif.gif [33m404[0m 9.753 ms - 151[0m
[0mGET /finalgif.gif [33m404[0m 10.517 ms - 151[0m
[0mGET /finalgif.gif [33m404[0m 7.875 ms - 151[0m
[0mGET /finalgif.gif [33m404[0m 13.274 ms - 151[0m
[0mGET /finalgif.gif [33m404[0m 10.561 ms - 151[0m
[0mGET /finalgif.gif [33m404[0m 12.468 ms - 151[0m
[0mGET /finalgif.gif [33m404[0m 13.094 ms - 151[0m
[0mGET /finalgif.gif [33m404[0m 10.710 ms - 151[0m
[0mGET /finalgif.gif [33m404[0m 12.308 ms - 151[0m
[0mGET /finalgif.gif [33m404[0m 13.534 ms - 151[0m
[0mGET /finalgif.gif [33m404[0m 9.810 ms - 151[0m
[0mGET /finalgif.gif [33m404[0m 11.801 ms - 151[0m
[0mGET /finalgif.gif [33m404[0m 13.965 ms - 151[0m
[0mGET /finalgif.gif [33m404[0m 7.976 ms - 151[0m
[0mGET /finalgif.gif [33m404[0m 9.714 ms - 151[0m
[0mGET /finalgif.gif [33m404[0m 12.603 ms - 151[0m
[0mGET /finalgif.gif [33m404[0m 8.902 ms - 151[0m
[0mGET /finalgif.gif [33m404[0m 18.752 ms - 151[0m
[0mGET /finalgif.gif [33m404[0m 14.835 ms - 151[0m
[0mGET /finalgif.gif [33m404[0m 18.168 ms - 151[0m
[0mGET /finalgif.gif [33m404[0m 7.212 ms - 151[0m
[0mGET /finalgif.gif [33m404[0m 9.160 ms - 151[0m
[0mGET /finalgif.gif [33m404[0m 14.283 ms - 151[0m
[0mGET / [31m500[0m 113.867 ms - 1666[0m
[0mGET /users/signin [36m304[0m 28.100 ms - -[0m
[0mGET /users/finalgif.gif [33m404[0m 6.401 ms - 157[0m
[0mGET /favicon.ico [33m404[0m 5.311 ms - 150[0m
[0mPOST /users/create-session [36m302[0m 22.473 ms - 46[0m
[0mGET / [31m500[0m 63.149 ms - 1666[0m
[0mGET / [31m500[0m 54.438 ms - 2203[0m
[0mGET / [31m500[0m 54.591 ms - 3173[0m
[0mGET / [32m200[0m 60.561 ms - 23548[0m
[0mGET /finalgif.gif [33m404[0m 12.195 ms - 151[0m
[0mGET / [36m304[0m 156.946 ms - -[0m
[0mGET /finalgif.gif [33m404[0m 25.775 ms - 151[0m
[0mGET / [36m304[0m 134.744 ms - -[0m
[0mGET /finalgif.gif [33m404[0m 18.849 ms - 151[0m
[0mGET / [36m304[0m 134.645 ms - -[0m
[0mGET /finalgif.gif [33m404[0m 19.304 ms - 151[0m
[0mGET / [36m304[0m 124.048 ms - -[0m
[0mGET /finalgif.gif [33m404[0m 18.948 ms - 151[0m
[0mGET / [36m304[0m 138.775 ms - -[0m
[0mGET /finalgif.gif [33m404[0m 17.204 ms - 151[0m
[0mGET / [36m304[0m 126.784 ms - -[0m
[0mGET /finalgif.gif [33m404[0m 20.407 ms - 151[0m
[0mGET /finalgif.gif [33m404[0m 16.417 ms - 151[0m
[0mGET / [32m200[0m 154.390 ms - 23624[0m
[0mGET /finalgif.gif [33m404[0m 23.337 ms - 151[0m
[0mGET /finalgif.gif [33m404[0m 12.409 ms - 151[0m
[0mGET /finalgif.gif [33m404[0m 10.966 ms - 151[0m
[0mGET / [36m304[0m 124.845 ms - -[0m
[0mGET /finalgif.gif [33m404[0m 15.367 ms - 151[0m
[0mGET / [36m304[0m 96.948 ms - -[0m
[0mGET /finalgif.gif [33m404[0m 15.709 ms - 151[0m
[0mGET / [36m304[0m 188.185 ms - -[0m
[0mGET /finalgif.gif [33m404[0m 13.236 ms - 151[0m
[0mGET / [36m304[0m 45.230 ms - -[0m
[0mGET /finalgif.gif [33m404[0m 7.087 ms - 151[0m
[0mPOST /posts/create [36m302[0m 13.832 ms - 70[0m
[0mGET /users/signin [36m304[0m 8.734 ms - -[0m
[0mGET /users/finalgif.gif [33m404[0m 6.212 ms - 157[0m
[0mGET /users/finalgif.gif [33m404[0m 6.234 ms - 157[0m
[0mGET /users/finalgif.gif [33m404[0m 8.959 ms - 157[0m
[0mPOST /users/create-session [36m302[0m 17.330 ms - 46[0m
[0mGET / [36m304[0m 67.915 ms - -[0m
[0mGET /finalgif.gif [33m404[0m 11.809 ms - 151[0m
[0mGET /finalgif.gif [33m404[0m 10.743 ms - 151[0m
[0mGET /finalgif.gif [33m404[0m 11.744 ms - 151[0m
[0mGET /finalgif.gif [33m404[0m 13.232 ms - 151[0m
[0mGET /finalgif.gif [33m404[0m 14.003 ms - 151[0m
[0mGET /finalgif.gif [33m404[0m 12.488 ms - 151[0m
[0mPOST /posts/create [36m302[0m 60.471 ms - 88[0m
[0mGET / [32m200[0m 60.525 ms - 27109[0m
[0mGET /finalgif.gif [33m404[0m 9.700 ms - 151[0m
[0mPOST /posts/create [36m302[0m 26.864 ms - 88[0m
[0mGET / [32m200[0m 68.136 ms - 30594[0m
[0mGET /finalgif.gif [33m404[0m 17.943 ms - 151[0m
[0mGET / [36m304[0m 102.062 ms - -[0m
[0mGET /finalgif.gif [33m404[0m 17.044 ms - 151[0m
[0mPOST /posts/create [36m302[0m 37.680 ms - 88[0m
[0mGET / [32m200[0m 69.214 ms - 34063[0m
[0mGET /finalgif.gif [33m404[0m 9.330 ms - 151[0m
[0mGET / [36m304[0m 104.698 ms - -[0m
[0mGET /finalgif.gif [33m404[0m 19.078 ms - 151[0m
[0mPOST /posts/create [32m200[0m 42.438 ms - 292[0m
[0mPOST /posts/create [32m200[0m 15.000 ms - 300[0m
[0mGET / [32m200[0m 102.873 ms - 41017[0m
[0mGET /finalgif.gif [33m404[0m 19.662 ms - 151[0m
[0mPOST /posts/create [32m200[0m 34.287 ms - 300[0m
[0mGET / [32m200[0m 115.403 ms - 44502[0m
[0mGET /finalgif.gif [33m404[0m 13.486 ms - 151[0m
[0mPOST /posts/create [32m200[0m 35.871 ms - 292[0m
[0mGET / [32m200[0m 159.278 ms - 47971[0m
[0mGET /finalgif.gif [33m404[0m 10.318 ms - 151[0m
[0mGET / [36m304[0m 91.511 ms - -[0m
[0mGET /finalgif.gif [33m404[0m 8.315 ms - 151[0m
[0mPOST /posts/create [36m302[0m 9.807 ms - 35[0m
[0mGET /users/signin [36m304[0m 11.227 ms - -[0m
[0mGET /users/signin [36m304[0m 6.044 ms - -[0m
[0mGET /users/finalgif.gif [33m404[0m 5.489 ms - 157[0m
[0mGET /users/finalgif.gif [33m404[0m 8.399 ms - 157[0m
[0mGET /users/finalgif.gif [33m404[0m 5.806 ms - 157[0m
[0mGET /users/finalgif.gif [33m404[0m 5.632 ms - 157[0m
[0mPOST /users/create-session [36m302[0m 15.061 ms - 46[0m
[0mGET / [36m304[0m 71.960 ms - -[0m
[0mGET /finalgif.gif [33m404[0m 16.582 ms - 151[0m
[0mGET /users/signin [36m302[0m 10.611 ms - 72[0m
[0mGET /users/profile [33m404[0m 12.179 ms - 152[0m
[0mGET /users/signin [36m302[0m 8.223 ms - 72[0m
[0mGET /users/profile [33m404[0m 11.738 ms - 152[0m
[0mGET / [36m304[0m 89.670 ms - -[0m
[0mGET /finalgif.gif [33m404[0m 10.682 ms - 151[0m
[0mPOST /posts/create [32m200[0m 38.557 ms - 300[0m
[0mGET /likes/toggle/?likeableId=61f947b451609679c4dc1e4b&type=Post&reaction=namaste [32m200[0m 32.264 ms - 110[0m
[0mGET / [32m200[0m 125.561 ms - 51456[0m
[0mGET /finalgif.gif [33m404[0m 14.325 ms - 151[0m
[0mGET / [36m304[0m 118.352 ms - -[0m
[0mGET /finalgif.gif [33m404[0m 18.458 ms - 151[0m
[0mGET / [36m304[0m 118.578 ms - -[0m
[0mGET /finalgif.gif [33m404[0m 20.128 ms - 151[0m
[0mGET / [36m304[0m 121.206 ms - -[0m
[0mGET /finalgif.gif [33m404[0m 17.111 ms - 151[0m
[0mPOST /posts/create [32m200[0m 46.702 ms - 300[0m
[0mPOST /posts/create [32m200[0m 23.218 ms - 294[0m
[0mGET /likes/toggle/?likeableId=61f949cdf8e080832b725977&type=Post&reaction=sad [32m200[0m 20.769 ms - 110[0m
[0mGET /likes/toggle/?likeableId=61f949cdf8e080832b725977&type=Post&reaction=sad [36m304[0m 15.735 ms - -[0m
[0mGET / [32m200[0m 138.552 ms - 58446[0m
[0mGET /finalgif.gif [33m404[0m 17.744 ms - 151[0m
[0mGET /likes/toggle/?likeableId=61f949cdf8e080832b725977&type=Post&reaction=namaste [32m200[0m 26.439 ms - 110[0m
[0mPOST /posts/create [32m200[0m 31.168 ms - 300[0m
[0mPOST /comment/create [32m200[0m 26.921 ms - 384[0m
[0mPOST /comment/create [32m200[0m 20.442 ms - 384[0m
[0mPOST /comment/create [32m200[0m 19.575 ms - 384[0m
[0mGET / [32m200[0m 94.479 ms - 67346[0m
[0mGET /finalgif.gif [33m404[0m 12.980 ms - 151[0m
[0mPOST /posts/create [32m200[0m 19.905 ms - 300[0m
[0mPOST /comment/create [32m200[0m 19.853 ms - 384[0m
[0mGET / [32m200[0m 134.325 ms - 72636[0m
[0mGET /finalgif.gif [33m404[0m 24.192 ms - 151[0m
[0mGET /finalgif.gif [33m404[0m 21.586 ms - 151[0m
[0mGET /finalgif.gif [33m404[0m 9.782 ms - 151[0m
[0mGET /finalgif.gif [33m404[0m 11.668 ms - 151[0m
[0mGET /finalgif.gif [33m404[0m 8.322 ms - 151[0m
[0mGET /finalgif.gif [33m404[0m 16.776 ms - 151[0m
[0mGET /finalgif.gif [33m404[0m 8.303 ms - 151[0m
[0mGET /finalgif.gif [33m404[0m 13.791 ms - 151[0m
[0mGET /finalgif.gif [33m404[0m 15.887 ms - 151[0m
[0mGET /finalgif.gif [33m404[0m 14.529 ms - 151[0m
[0mGET /finalgif.gif [33m404[0m 10.253 ms - 151[0m
[0mGET /finalgif.gif [33m404[0m 10.745 ms - 151[0m
[0mGET /finalgif.gif [33m404[0m 12.069 ms - 151[0m
[0mGET /finalgif.gif [33m404[0m 13.776 ms - 151[0m
[0mGET /finalgif.gif [33m404[0m 9.928 ms - 151[0m
[0mGET / [31m500[0m 60.716 ms - 2032[0m
[0mGET / [32m200[0m 82.673 ms - 75534[0m
[0mGET /finalgif.gif [33m404[0m 11.044 ms - 151[0m
[0mGET /finalgif.gif [33m404[0m 10.896 ms - 151[0m
[0mGET /finalgif.gif [33m404[0m 7.141 ms - 151[0m
[0mPOST /comment/create [0m-[0m - ms - -[0m
[0mGET / [32m200[0m 82.128 ms - 75506[0m
[0mGET /finalgif.gif [33m404[0m 15.190 ms - 151[0m
[0mPOST /comment/create [32m200[0m 53.712 ms - 384[0m
[0mGET / [32m200[0m 32.778 ms - 13070[0m
[0mGET /finalgif.gif [33m404[0m 15.737 ms - 151[0m
[0mGET /finalgif.gif [33m404[0m 12.837 ms - 151[0m
[0mGET /finalgif.gif [33m404[0m 8.725 ms - 151[0m
[0mGET /finalgif.gif [33m404[0m 9.567 ms - 151[0m
[0mPOST /posts/create [32m200[0m 19.222 ms - 300[0m
[0mGET / [32m200[0m 36.917 ms - 16760[0m
[0mGET /finalgif.gif [33m404[0m 17.815 ms - 151[0m
[0mPOST /comment/create [32m200[0m 22.879 ms - 390[0m
[0mGET /finalgif.gif [33m404[0m 8.686 ms - 151[0m
[0mGET /finalgif.gif [33m404[0m 8.758 ms - 151[0m
[0mGET /finalgif.gif [33m404[0m 8.293 ms - 151[0m
[0mGET /finalgif.gif [33m404[0m 9.843 ms - 151[0m
[0mPOST /comment/create [32m200[0m 22.099 ms - 390[0m
[0mGET / [32m200[0m 50.984 ms - 20425[0m
[0mGET /finalgif.gif [33m404[0m 9.390 ms - 151[0m
[0mPOST /comment/create [32m200[0m 26.991 ms - 385[0m
[0mGET / [32m200[0m 49.051 ms - 22231[0m
[0mGET /finalgif.gif [33m404[0m 7.313 ms - 151[0m
[0mGET / [31m500[0m 80.928 ms - 2702[0m
[0mGET / [31m500[0m 69.154 ms - 2702[0m
