[0mGET / [32m200[0m 65.008 ms - 22314[0m
[0mGET /finalgif.gif [33m404[0m 12.219 ms - 151[0m
[0mGET /finalgif.gif [33m404[0m 4.983 ms - 151[0m
[0mGET /likes/toggle/?likeableId=61f951ebf1f6f52648ab4668&type=Post&reaction=namaste [31m500[0m 13.789 ms - 35[0m
[0mGET / [36m304[0m 34.910 ms - -[0m
[0mGET /finalgif.gif [33m404[0m 8.204 ms - 151[0m
[0mGET / [36m304[0m 30.786 ms - -[0m
[0mGET /finalgif.gif [33m404[0m 3.923 ms - 151[0m
[0mGET / [32m200[0m 17.004 ms - 13070[0m
[0mGET /finalgif.gif [33m404[0m 5.717 ms - 151[0m
[0mPOST /posts/create [36m302[0m 12.078 ms - 35[0m
[0mGET /users/signin [32m200[0m 13.681 ms - 10773[0m
[0mGET /finalgif.gif [33m404[0m 4.535 ms - 151[0m
[0mGET /finalgif.gif [33m404[0m 4.800 ms - 151[0m
[0mGET /finalgif.gif [33m404[0m 5.263 ms - 151[0m
[0mGET /finalgif.gif [33m404[0m 4.634 ms - 151[0m
[0mGET /finalgif.gif [33m404[0m 3.725 ms - 151[0m
[0mGET /users/signin [36m304[0m 7.981 ms - -[0m
[0mGET /users/finalgif.gif [33m404[0m 5.281 ms - 157[0m
[0mGET /users/finalgif.gif [33m404[0m 7.632 ms - 157[0m
[0mGET /users/finalgif.gif [33m404[0m 5.652 ms - 157[0m
[0mGET /users/finalgif.gif [33m404[0m 5.652 ms - 157[0m
[0mGET /users/finalgif.gif [33m404[0m 6.441 ms - 157[0m
[0mGET /users/finalgif.gif [33m404[0m 7.630 ms - 157[0m
[0mPOST /users/create-session [36m302[0m 29.544 ms - 46[0m
[0mGET / [36m304[0m 31.859 ms - -[0m
[0mGET /finalgif.gif [33m404[0m 10.918 ms - 151[0m
[0mGET /finalgif.gif [33m404[0m 9.840 ms - 151[0m
[0mPOST /posts/create [32m200[0m 43.870 ms - 300[0m
[0mGET /likes/toggle/?likeableId=61f9fa79412b604f8af52cad&type=Post&reaction=namaste [32m200[0m 18.451 ms - 110[0m
[0mGET / [32m200[0m 40.635 ms - 16971[0m
[0mGET /finalgif.gif [33m404[0m 11.598 ms - 151[0m
[0mGET /finalgif.gif [33m404[0m 13.991 ms - 151[0m
[0mGET /finalgif.gif [33m404[0m 11.391 ms - 151[0m
[0mGET /finalgif.gif [33m404[0m 11.322 ms - 151[0m
[0mGET /finalgif.gif [33m404[0m 10.876 ms - 151[0m
[0mGET /finalgif.gif [33m404[0m 12.938 ms - 151[0m
[0mGET /finalgif.gif [33m404[0m 10.844 ms - 151[0m
[0mGET /finalgif.gif [33m404[0m 8.214 ms - 151[0m
[0mGET /finalgif.gif [33m404[0m 12.490 ms - 151[0m
[0mGET /finalgif.gif [33m404[0m 11.137 ms - 151[0m
[0mGET /finalgif.gif [33m404[0m 12.720 ms - 151[0m
[0mGET /finalgif.gif [33m404[0m 7.842 ms - 151[0m
[0mGET /finalgif.gif [33m404[0m 9.275 ms - 151[0m
[0mGET / [32m200[0m 99.789 ms - 16986[0m
[0mGET /finalgif.gif [33m404[0m 9.085 ms - 151[0m
[0mGET / [32m200[0m 46.099 ms - 17008[0m
[0mGET /finalgif.gif [33m404[0m 7.879 ms - 151[0m
[0mGET / [32m200[0m 37.570 ms - 17007[0m
[0mGET /finalgif.gif [33m404[0m 12.506 ms - 151[0m
[0mGET / [31m500[0m 35.635 ms - 2032[0m
[0mGET / [32m200[0m 68.697 ms - 16998[0m
[0mGET /finalgif.gif [33m404[0m 13.218 ms - 151[0m
[0mGET /finalgif.gif [33m404[0m 11.921 ms - 151[0m
[0mGET /finalgif.gif [33m404[0m 11.738 ms - 151[0m
[0mGET /finalgif.gif [33m404[0m 10.458 ms - 151[0m
[0mGET /finalgif.gif [33m404[0m 9.077 ms - 151[0m
[0mGET /finalgif.gif [33m404[0m 8.489 ms - 151[0m
[0mGET /finalgif.gif [33m404[0m 15.698 ms - 151[0m
[0mGET /finalgif.gif [33m404[0m 7.455 ms - 151[0m
[0mGET / [36m304[0m 41.972 ms - -[0m
[0mGET /finalgif.gif [33m404[0m 7.529 ms - 151[0m
[0mGET / [32m200[0m 44.671 ms - 17022[0m
[0mGET /finalgif.gif [33m404[0m 9.621 ms - 151[0m
[0mGET / [32m200[0m 42.826 ms - 17019[0m
[0mGET /finalgif.gif [33m404[0m 8.458 ms - 151[0m
[0mGET / [32m200[0m 40.171 ms - 16998[0m
[0mGET /finalgif.gif [33m404[0m 13.506 ms - 151[0m
[0mGET / [36m304[0m 38.105 ms - -[0m
[0mGET /finalgif.gif [33m404[0m 9.932 ms - 151[0m
[0mGET / [31m500[0m 40.013 ms - 2448[0m
[0mGET / [32m200[0m 32.700 ms - 17037[0m
[0mGET /finalgif.gif [33m404[0m 6.131 ms - 151[0m
[0mGET / [32m200[0m 38.662 ms - 17044[0m
[0mGET /finalgif.gif [33m404[0m 10.881 ms - 151[0m
[0mGET / [32m200[0m 42.532 ms - 17076[0m
[0mGET /finalgif.gif [33m404[0m 16.060 ms - 151[0m
[0mGET / [32m200[0m 34.834 ms - 17016[0m
[0mGET /finalgif.gif [33m404[0m 10.623 ms - 151[0m
[0mGET /finalgif.gif [33m404[0m 11.850 ms - 151[0m
[0mGET /likes/toggle/?likeableId=61f9fa79412b604f8af52cad&type=Post&reaction=sad [32m200[0m 17.167 ms - 110[0m
[0mGET / [32m200[0m 31.005 ms - 17010[0m
[0mGET /finalgif.gif [33m404[0m 9.123 ms - 151[0m
[0mPOST /posts/create [36m302[0m 9.734 ms - 44[0m
[0mGET / [36m304[0m 34.565 ms - -[0m
[0mPOST /posts/create [36m302[0m 7.722 ms - 44[0m
[0mGET / [36m304[0m 26.780 ms - -[0m
[0mPOST /posts/create [36m302[0m 5.697 ms - 44[0m
[0mGET / [36m304[0m 24.142 ms - -[0m
[0mPOST /posts/create [36m302[0m 7.427 ms - 44[0m
[0mGET / [36m304[0m 24.532 ms - -[0m
[0mPOST /posts/create [36m302[0m 5.861 ms - 44[0m
[0mGET / [36m304[0m 24.520 ms - -[0m
[0mPOST /posts/create [36m302[0m 7.612 ms - 44[0m
[0mGET / [36m304[0m 30.472 ms - -[0m
[0mPOST /posts/create [36m302[0m 5.964 ms - 44[0m
[0mGET / [36m304[0m 25.901 ms - -[0m
[0mPOST /posts/create [36m302[0m 5.754 ms - 44[0m
[0mGET / [36m304[0m 27.054 ms - -[0m
[0mPOST /posts/create [36m302[0m 7.259 ms - 44[0m
[0mGET / [36m304[0m 26.624 ms - -[0m
[0mPOST /posts/create [36m302[0m 5.895 ms - 44[0m
[0mGET / [36m304[0m 24.669 ms - -[0m
[0mPOST /posts/create [36m302[0m 5.604 ms - 44[0m
[0mGET / [36m304[0m 23.008 ms - -[0m
[0mPOST /posts/create [36m302[0m 5.892 ms - 44[0m
[0mGET / [36m304[0m 23.997 ms - -[0m
[0mPOST /posts/create [36m302[0m 5.395 ms - 44[0m
[0mGET / [36m304[0m 24.387 ms - -[0m
[0mPOST /posts/create [36m302[0m 7.151 ms - 44[0m
[0mGET / [36m304[0m 25.349 ms - -[0m
[0mPOST /posts/create [36m302[0m 7.749 ms - 44[0m
[0mGET / [36m304[0m 26.304 ms - -[0m
[0mPOST /posts/create [36m302[0m 5.454 ms - 44[0m
[0mGET / [36m304[0m 24.069 ms - -[0m
[0mPOST /posts/create [36m302[0m 5.470 ms - 44[0m
[0mGET / [36m304[0m 24.840 ms - -[0m
[0mPOST /posts/create [36m302[0m 5.625 ms - 44[0m
[0mGET / [36m304[0m 23.068 ms - -[0m
[0mPOST /posts/create [36m302[0m 6.022 ms - 44[0m
[0mGET / [36m304[0m 59.585 ms - -[0m
[0mPOST /posts/create [36m302[0m 7.563 ms - 44[0m
[0mGET / [36m304[0m 24.158 ms - -[0m
[0mPOST /posts/create [36m302[0m 6.221 ms - 44[0m
[0mGET / [36m304[0m 22.573 ms - -[0m
[0mPOST /posts/create [36m302[0m 5.656 ms - 44[0m
[0mGET / [36m304[0m 25.550 ms - -[0m
[0mPOST /posts/create [36m302[0m 5.363 ms - 44[0m
[0mGET / [36m304[0m 23.593 ms - -[0m
[0mPOST /posts/create [36m302[0m 5.617 ms - 44[0m
[0mGET / [36m304[0m 28.593 ms - -[0m
[0mGET / [32m200[0m 31.937 ms - 17016[0m
[0mPOST /posts/create [36m302[0m 7.246 ms - 44[0m
[0mGET / [36m304[0m 30.694 ms - -[0m
[0mPOST /posts/create [36m302[0m 5.497 ms - 44[0m
[0mGET / [36m304[0m 24.444 ms - -[0m
[0mPOST /posts/create [36m302[0m 5.781 ms - 44[0m
[0mGET / [36m304[0m 25.372 ms - -[0m
[0mPOST /posts/create [36m302[0m 7.221 ms - 44[0m
[0mGET / [36m304[0m 23.720 ms - -[0m
[0mPOST /posts/create [36m302[0m 5.270 ms - 44[0m
[0mGET / [36m304[0m 30.250 ms - -[0m
[0mPOST /posts/create [36m302[0m 5.557 ms - 44[0m
[0mGET / [36m304[0m 22.753 ms - -[0m
[0mGET / [31m500[0m 450.883 ms - 2579[0m
[0mGET /users/finalgif.gif [33m404[0m 9.160 ms - 157[0m
[0mPOST /users/create-session [36m302[0m 16.854 ms - 46[0m
[0mGET / [32m200[0m 61.178 ms - 17022[0m
[0mGET /likes/toggle/?likeableId=61f9fa79412b604f8af52cad&type=Post&reaction=namaste [36m304[0m 19.751 ms - -[0m
[0mGET / [31m500[0m 59.896 ms - 2579[0m
[0mPOST /users/create-session [36m302[0m 8.007 ms - 46[0m
[0mGET / [32m200[0m 38.279 ms - 17028[0m
[0mGET / [36m304[0m 41.204 ms - -[0m
[0mGET / [32m200[0m 35.575 ms - 17022[0m
[0mGET /finalgif.gif [33m404[0m 49.311 ms - 151[0m
[0mGET / [32m200[0m 75.938 ms - 17040[0m
[0mGET / [32m200[0m 38.443 ms - 17079[0m
[0mGET /%20front_java/home.js [33m404[0m 8.658 ms - 160[0m
[0mGET /%20front_java/home.js [33m404[0m 6.311 ms - 160[0m
[0mPOST /posts/create [36m302[0m 33.846 ms - 88[0m
[0mGET / [32m200[0m 38.433 ms - 20906[0m
[0mGET /%20front_java/home.js [33m404[0m 11.503 ms - 160[0m
[0mGET /%20front_java/home.js [33m404[0m 6.211 ms - 160[0m
[0mGET / [36m304[0m 34.211 ms - -[0m
[0mGET /%20front_java/home.js [33m404[0m 11.386 ms - 160[0m
[0mGET /%20front_java/home.js [33m404[0m 9.071 ms - 160[0m
[0mPOST /posts/create [36m302[0m 17.809 ms - 88[0m
[0mGET / [32m200[0m 45.500 ms - 24721[0m
[0mGET /%20front_java/home.js [33m404[0m 12.051 ms - 160[0m
[0mGET /%20front_java/home.js [33m404[0m 6.833 ms - 160[0m
[0mPOST /posts/create [36m302[0m 16.095 ms - 88[0m
[0mGET / [32m200[0m 46.854 ms - 28548[0m
[0mGET /%20front_java/home.js [33m404[0m 14.350 ms - 160[0m
[0mGET /%20front_java/home.js [33m404[0m 6.080 ms - 160[0m
[0mGET / [32m200[0m 44.118 ms - 28492[0m
[0mGET /%20front_java/home.js [33m404[0m 7.598 ms - 160[0m
[0mGET /%20front_java/home.js [33m404[0m 9.817 ms - 160[0m
[0mPOST /posts/create [36m302[0m 16.699 ms - 88[0m
[0mGET / [32m200[0m 65.220 ms - 32301[0m
[0mGET /%20front_java/home.js [33m404[0m 10.826 ms - 160[0m
[0mGET /%20front_java/home.js [33m404[0m 10.365 ms - 160[0m
[0mGET /finalgif.gif [33m404[0m 11.710 ms - 151[0m
[0mGET /finalgif.gif [33m404[0m 6.955 ms - 151[0m
[0mGET / [36m304[0m 117.581 ms - -[0m
[0mGET /%20front_java/home.js [33m404[0m 16.656 ms - 160[0m
[0mGET /%20front_java/home.js [33m404[0m 9.865 ms - 160[0m
[0mPOST /posts/create [36m302[0m 42.927 ms - 88[0m
[0mGET / [32m200[0m 69.900 ms - 36128[0m
[0mGET /%20front_java/home.js [33m404[0m 12.496 ms - 160[0m
[0mGET /%20front_java/home.js [33m404[0m 8.540 ms - 160[0m
[0mGET / [36m304[0m 60.247 ms - -[0m
[0mGET /%20front_java/home.js [33m404[0m 11.690 ms - 160[0m
[0mGET /%20front_java/home.js [33m404[0m 9.794 ms - 160[0m
[0mGET / [32m200[0m 63.788 ms - 36127[0m
[0mPOST /posts/create [32m200[0m 23.140 ms - 300[0m
[0mGET /finalgif.gif [33m404[0m 11.823 ms - 151[0m
[0mGET /finalgif.gif [33m404[0m 12.956 ms - 151[0m
[0mGET /finalgif.gif [33m404[0m 6.310 ms - 151[0m
[0mGET /finalgif.gif [33m404[0m 10.338 ms - 151[0m
[0mGET /finalgif.gif [33m404[0m 13.637 ms - 151[0m
[0mGET /finalgif.gif [33m404[0m 13.168 ms - 151[0m
[0mGET / [32m200[0m 50.042 ms - 39954[0m
[0mGET / [36m304[0m 135.334 ms - -[0m
[0mGET / [36m304[0m 52.542 ms - -[0m
[0mPOST /posts/create [36m302[0m 24.947 ms - 44[0m
[0mGET / [36m304[0m 40.489 ms - -[0m
[0mPOST /posts/create [32m200[0m 38.958 ms - 295[0m
[0mPOST /posts/create [32m200[0m 11.570 ms - 295[0m
[0mPOST /posts/create [32m200[0m 11.549 ms - 295[0m
[0mGET /finalgif.gif [33m404[0m 12.344 ms - 151[0m
[0mGET /finalgif.gif [33m404[0m 10.983 ms - 151[0m
[0mGET /finalgif.gif [33m404[0m 8.936 ms - 151[0m
[0mGET /finalgif.gif [33m404[0m 12.065 ms - 151[0m
[0mGET /finalgif.gif [33m404[0m 9.181 ms - 151[0m
[0mGET /finalgif.gif [33m404[0m 12.759 ms - 151[0m
[0mGET /finalgif.gif [33m404[0m 9.755 ms - 151[0m
[0mGET /finalgif.gif [33m404[0m 10.071 ms - 151[0m
[0mGET /finalgif.gif [33m404[0m 11.533 ms - 151[0m
[0mGET /finalgif.gif [33m404[0m 11.399 ms - 151[0m
[0mGET /finalgif.gif [33m404[0m 9.907 ms - 151[0m
[0mGET / [32m200[0m 91.141 ms - 51447[0m
[0mGET /finalgif.gif [33m404[0m 34.756 ms - 151[0m
[0mGET /finalgif.gif [33m404[0m 14.935 ms - 151[0m
[0mGET /finalgif.gif [33m404[0m 7.456 ms - 151[0m
[0mGET /finalgif.gif [33m404[0m 13.933 ms - 151[0m
[0mGET /finalgif.gif [33m404[0m 9.586 ms - 151[0m
[0mGET /finalgif.gif [33m404[0m 11.628 ms - 151[0m
[0mGET /finalgif.gif [33m404[0m 10.589 ms - 151[0m
[0mGET /finalgif.gif [33m404[0m 7.284 ms - 151[0m
[0mGET / [36m304[0m 70.333 ms - -[0m
[0mGET / [36m304[0m 160.109 ms - -[0m
[0mGET / [32m200[0m 101.639 ms - 51718[0m
[0mGET / [36m304[0m 159.527 ms - -[0m
[0mGET / [36m304[0m 116.359 ms - -[0m
[0mGET / [36m304[0m 155.134 ms - -[0m
[0mGET / [36m304[0m 116.437 ms - -[0m
[0mGET / [36m304[0m 132.196 ms - -[0m
[0mGET / [36m304[0m 84.302 ms - -[0m
